0 info it worked if it ends with ok
1 verbose cli [ '/Users/amrelfiky/.nvm/versions/node/v5.12.0/bin/node',
1 verbose cli   '/Users/amrelfiky/.nvm/versions/node/v5.12.0/bin/npm',
1 verbose cli   'start' ]
2 info using npm@3.8.6
3 info using node@v5.12.0
4 verbose run-script [ 'prestart', 'start', 'poststart' ]
5 info lifecycle website@0.0.0~prestart: website@0.0.0
6 silly lifecycle website@0.0.0~prestart: no script for prestart, continuing
7 info lifecycle website@0.0.0~start: website@0.0.0
8 verbose lifecycle website@0.0.0~start: unsafe-perm in lifecycle true
9 verbose lifecycle website@0.0.0~start: PATH: /Users/amrelfiky/.nvm/versions/node/v5.12.0/lib/node_modules/npm/bin/node-gyp-bin:/Users/amrelfiky/website/node_modules/.bin:/Users/amrelfiky/.nvm/versions/node/v5.12.0/bin:/Users/amrelfiky/.nvm/versions/node/v5.12.0/bin:/usr/bin:/bin:/usr/sbin:/sbin:/usr/local/bin:/Library/TeX/texbin:/opt/X11/bin:/Users/amrelfiky/website/node_modules/.bin
10 verbose lifecycle website@0.0.0~start: CWD: /Users/amrelfiky/website
11 silly lifecycle website@0.0.0~start: Args: [ '-c', 'node ./bin/www' ]
12 silly lifecycle website@0.0.0~start: Returned: code: 1  signal: null
13 info lifecycle website@0.0.0~start: Failed to exec start script
14 verbose stack Error: website@0.0.0 start: `node ./bin/www`
14 verbose stack Exit status 1
14 verbose stack     at EventEmitter.<anonymous> (/Users/amrelfiky/.nvm/versions/node/v5.12.0/lib/node_modules/npm/lib/utils/lifecycle.js:239:16)
14 verbose stack     at emitTwo (events.js:100:13)
14 verbose stack     at EventEmitter.emit (events.js:185:7)
14 verbose stack     at ChildProcess.<anonymous> (/Users/amrelfiky/.nvm/versions/node/v5.12.0/lib/node_modules/npm/lib/utils/spawn.js:24:14)
14 verbose stack     at emitTwo (events.js:100:13)
14 verbose stack     at ChildProcess.emit (events.js:185:7)
14 verbose stack     at maybeClose (internal/child_process.js:850:16)
14 verbose stack     at Process.ChildProcess._handle.onexit (internal/child_process.js:215:5)
15 verbose pkgid website@0.0.0
16 verbose cwd /Users/amrelfiky/website
17 error Darwin 18.2.0
18 error argv "/Users/amrelfiky/.nvm/versions/node/v5.12.0/bin/node" "/Users/amrelfiky/.nvm/versions/node/v5.12.0/bin/npm" "start"
19 error node v5.12.0
20 error npm  v3.8.6
21 error code ELIFECYCLE
22 error website@0.0.0 start: `node ./bin/www`
22 error Exit status 1
23 error Failed at the website@0.0.0 start script 'node ./bin/www'.
23 error Make sure you have the latest version of node.js and npm installed.
23 error If you do, this is most likely a problem with the website package,
23 error not with npm itself.
23 error Tell the author that this fails on your system:
23 error     node ./bin/www
23 error You can get information on how to open an issue for this project with:
23 error     npm bugs website
23 error Or if that isn't available, you can get their info via:
23 error     npm owner ls website
23 error There is likely additional logging output above.
24 verbose exit [ 1, true ]
